<?xml version="1.0" encoding="UTF-8"?>
<!-- Generated by org.testng.reporters.JUnitReportReporter -->
<testsuite hostname="DESKTOP-6CM26U6" failures="0" tests="1" name="api.utilities.DataProviders" time="2.766" errors="0" timestamp="2024-07-12T19:02:01 IST" skipped="0">
  <testcase classname="api.utilities.DataProviders" name="name" time="2.766"/>
</testsuite> <!-- api.utilities.DataProviders -->
