<?xml version="1.0" encoding="UTF-8"?>
<!-- Generated by org.testng.reporters.JUnitReportReporter -->
<testsuite hostname="DESKTOP-6CM26U6" failures="0" tests="1" name="Excelutilities.ExcellWrite" time="0.589" errors="0" timestamp="2024-07-14T10:34:55 IST" skipped="0">
  <testcase classname="Excelutilities.ExcellWrite" name="named" time="0.589"/>
</testsuite> <!-- Excelutilities.ExcellWrite -->
