<?xml version="1.0" encoding="UTF-8"?>
<!-- Generated by org.testng.reporters.JUnitReportReporter -->
<testsuite hostname="DESKTOP-6CM26U6" failures="0" tests="4" name="api.test.Test_02_DataDrivenTest" time="9.859" errors="0" timestamp="2024-07-14T22:29:34 IST" skipped="0">
  <testcase classname="api.test.Test_02_DataDrivenTest" name="testPostUsers" time="1.706"/>
  <testcase classname="api.test.Test_02_DataDrivenTest" name="testPostUsers" time="1.740"/>
  <testcase classname="api.test.Test_02_DataDrivenTest" name="testPostUsers" time="4.622"/>
  <testcase classname="api.test.Test_02_DataDrivenTest" name="getUserDetails" time="1.791"/>
</testsuite> <!-- api.test.Test_02_DataDrivenTest -->
