<?xml version="1.0" encoding="UTF-8"?>
<!-- Generated by org.testng.reporters.JUnitReportReporter -->
<testsuite hostname="DESKTOP-6CM26U6" failures="0" tests="1" name="ExcelUtilities.WriteExcell" time="0.833" errors="0" timestamp="2024-07-14T22:42:51 IST" skipped="0">
  <testcase classname="ExcelUtilities.WriteExcell" name="named" time="0.833"/>
</testsuite> <!-- ExcelUtilities.WriteExcell -->
