<?xml version="1.0" encoding="UTF-8"?>
<!-- Generated by org.testng.reporters.JUnitReportReporter -->
<testsuite hostname="DESKTOP-6CM26U6" failures="0" tests="1" name="ExcelUtilities.ReadExcell" time="0.738" errors="0" timestamp="2024-07-14T22:53:45 IST" skipped="0">
  <testcase classname="ExcelUtilities.ReadExcell" name="testExcellData" time="0.738"/>
</testsuite> <!-- ExcelUtilities.ReadExcell -->
