<?xml version="1.0" encoding="UTF-8"?>
<!-- Generated by org.testng.reporters.JUnitReportReporter -->
<testsuite hostname="DESKTOP-6CM26U6" failures="0" tests="4" name="api.test.Test_02_DataDrivenTest" time="20.030" errors="0" timestamp="2024-07-14T12:51:31 IST" skipped="0">
  <testcase classname="api.test.Test_02_DataDrivenTest" name="testPostUsers" time="14.384"/>
  <testcase classname="api.test.Test_02_DataDrivenTest" name="testPostUsers" time="2.554"/>
  <testcase classname="api.test.Test_02_DataDrivenTest" name="testPostUsers" time="1.467"/>
  <testcase classname="api.test.Test_02_DataDrivenTest" name="getUserDetails" time="1.625"/>
</testsuite> <!-- api.test.Test_02_DataDrivenTest -->
