<?xml version="1.0" encoding="UTF-8"?>
<!-- Generated by org.testng.reporters.JUnitReportReporter -->
<testsuite hostname="DESKTOP-6CM26U6" failures="0" tests="2" name="api.payload.ExcellData" time="1.056" errors="0" timestamp="2024-07-12T16:52:00 IST" skipped="0">
  <testcase classname="api.payload.ExcellData" name="getRowCount" time="0.995"/>
  <testcase classname="api.payload.ExcellData" name="getColumnCount" time="0.061"/>
</testsuite> <!-- api.payload.ExcellData -->
