<?xml version="1.0" encoding="UTF-8"?>
<!-- Generated by org.testng.reporters.JUnitReportReporter -->
<testsuite hostname="DESKTOP-6CM26U6" failures="0" tests="3" name="api.test.Test_01_UserTests" time="7.810" errors="0" timestamp="2024-07-14T15:58:07 IST" skipped="0">
  <testcase classname="api.test.Test_01_UserTests" name="testPostUser" time="3.460"/>
  <testcase classname="api.test.Test_01_UserTests" name="getTestUser" time="1.790"/>
  <testcase classname="api.test.Test_01_UserTests" name="updateUserDetails" time="2.560"/>
</testsuite> <!-- api.test.Test_01_UserTests -->
