<?xml version="1.0" encoding="UTF-8"?>
<!-- Generated by org.testng.reporters.JUnitReportReporter -->
<testsuite hostname="DESKTOP-6CM26U6" failures="0" tests="2" name="api.test.Test_01_UserTests" time="7.094" errors="0" timestamp="2024-07-13T19:26:08 IST" skipped="0">
  <testcase classname="api.test.Test_01_UserTests" name="testPostUser" time="5.428"/>
  <testcase classname="api.test.Test_01_UserTests" name="getTestUser" time="1.666"/>
</testsuite> <!-- api.test.Test_01_UserTests -->
